Exporter version: 5.6.4, Blender version: 2.79 (sub 0)
========= Conversion from Blender to Babylon.js =========
	Scene settings used :
		export scope        :  ALL
		inline textures     :  false
		Positions Precision :  4
		Normals Precision   :  3
		UVs Precision       :  3
		Vert Color Precision:  3
		Mat Weight Precision:  2
		texture directory   :  D:\škola\3bczs\bakalarka\models\transporter\
	Python World class constructor completed
	WARNING: No active camera has been assigned, or is not in a currently selected Blender layer
	processing begun of mesh:  vw-transporter-van-free-download
		processing begun of Standard material:  Schwatzebereiche
		processing begun of Standard material:  Innenraum
		processing begun of Standard material:  VW_Lack_Blau
		processing begun of Standard material:  Autoglas
		processing begun of Standard material:  Spiegel
		processing begun of Standard material:  Lenkrad
		processing begun of Standard material:  Lenkrad_2
		processing begun of Standard material:  Fahrerarmatur
		processing begun of Standard material:  Scheibenwischer
		processing begun of Standard material:  Rad_Gummi
		processing begun of Standard material:  Wheel_Felge
		processing begun of Standard material:  Autozeichen
		processing begun of Standard material:  Autozeichen_Ramen
		processing begun of Standard material:  Blinker
		processing begun of Standard material:  Licht_rot_2
		processing begun of Standard material:  Licht_Weiss
		processing begun of Standard material:  Material.005
		processing begun of Standard material:  Material.006
		processing begun of Standard material:  Black
		processing begun of Standard material:  Sitz_1
		processing begun of Standard material:  Sitz_2
		processing begun of multimaterial:  vw_transporter.Multimaterial#0
		num positions      :  9331
		num normals        :  9331
		num uvs            :  18662
		num uvs2           :  18662
		num colors         :  37324
		num indices        :  26784
	processing begun of light (HEMI):  Hemi
========= Writing of scene file started =========
========= Writing of scene file completed =========
========= end of processing =========
elapsed time:  0 min, 1.473 secs
