Exporter version: 5.6.4, Blender version: 2.79 (sub 0)
========= Conversion from Blender to Babylon.js =========
	Scene settings used :
		export scope        :  SELECTED
		inline textures     :  false
		Positions Precision :  4
		Normals Precision   :  3
		UVs Precision       :  3
		Vert Color Precision:  3
		Mat Weight Precision:  2
		texture directory   :  D:\škola\3bczs\bakalarka\web\assets\
	Python World class constructor completed
	processing begun of mesh:  kamion_terrain
		processing begun of baked material:  kamion_terrain
		num positions      :  2178
		num normals        :  2178
		num uvs            :  4356
		num uvs2           :  0
		num colors         :  0
		num indices        :  12288
	processing begun of mesh:  kamion_kolesa_predne.002
		processing begun of baked material:  kamion_kolesa_predne.002
		num positions      :  2333
		num normals        :  2333
		num uvs            :  4666
		num uvs2           :  0
		num colors         :  0
		num indices        :  3816
	processing begun of mesh:  kamion_kolesa_predne.001
		mesh is an instance of :  kamion_kolesa_predne.002.  Processing halted.
	processing begun of mesh:  kamion
		processing begun of baked material:  kamion
		num positions      :  1282
		num normals        :  1282
		num uvs            :  2564
		num uvs2           :  0
		num colors         :  0
		num indices        :  2274
		WARNING: # of 0 area faces found:  14
	processing begun of mesh:  kamion_kolesa_predne
		mesh is an instance of :  kamion_kolesa_predne.002.  Processing halted.
	processing begun of mesh:  kamion_naklad
		processing begun of baked material:  kamion_naklad
		num positions      :  109
		num normals        :  109
		num uvs            :  218
		num uvs2           :  0
		num colors         :  0
		num indices        :  132
		WARNING: # of 0 area faces found:  2
	processing begun of mesh:  kamion_cesta
		processing begun of baked material:  kamion_cesta
		num positions      :  36
		num normals        :  36
		num uvs            :  72
		num uvs2           :  0
		num colors         :  0
		num indices        :  60
	processing begun of camera (UniversalCamera):  Camera
	processing begun of camera (UniversalCamera):  Camera.001
	processing begun of mesh:  ogre
		processing begun of baked material:  ogre
			Cycles baking texture, type: DIFFUSE, mapped using: ogre
		num positions      :  13957
		num normals        :  13957
		num uvs            :  27914
		num uvs2           :  0
		num colors         :  0
		num indices        :  23109
	processing begun of mesh:  ogre_kolesa.000
		processing begun of baked material:  ogre_kolesa.000
			Cycles baking texture, type: DIFFUSE, mapped using: koleso
		num positions      :  2230
		num normals        :  2230
		num uvs            :  4460
		num uvs2           :  0
		num colors         :  0
		num indices        :  3240
	processing begun of mesh:  ogre_kolesa.001
		mesh is an instance of :  ogre_kolesa.000.  Processing halted.
	processing begun of mesh:  ogre_kolesa.002
		mesh is an instance of :  ogre_kolesa.000.  Processing halted.
	processing begun of mesh:  ogre_kolesa.003
		processing begun of baked material:  ogre_kolesa.003
			Cycles baking texture, type: DIFFUSE, mapped using: kolesa_predne
		num positions      :  1622
		num normals        :  1622
		num uvs            :  3244
		num uvs2           :  0
		num colors         :  0
		num indices        :  2484
	processing begun of mesh:  ogre_kolesa.007
		mesh is an instance of :  ogre_kolesa.000.  Processing halted.
	processing begun of mesh:  Dodge
		processing begun of baked material:  Dodge
			Cycles baking texture, type: DIFFUSE, mapped using: UVMap.001
		num positions      :  14649
		num normals        :  14649
		num uvs            :  29298
		num uvs2           :  0
		num colors         :  0
		num indices        :  30459
	processing begun of mesh:  Dodge_kolesa_fl
		processing begun of baked material:  Dodge_kolesa_fl
			Cycles baking texture, type: DIFFUSE, mapped using: UVMap
			Cycles baking texture, type: NORMAL, mapped using: UVMap
		num positions      :  886
		num normals        :  886
		num uvs            :  1772
		num uvs2           :  0
		num colors         :  0
		num indices        :  3222
	processing begun of mesh:  Dodge_kolesa_fr
		processing begun of baked material:  Dodge_kolesa_fr
			Cycles baking texture, type: DIFFUSE, mapped using: UVMap
			Cycles baking texture, type: NORMAL, mapped using: UVMap
		num positions      :  886
		num normals        :  886
		num uvs            :  1772
		num uvs2           :  0
		num colors         :  0
		num indices        :  3222
	processing begun of mesh:  Dodge_kolesa_rl
		processing begun of baked material:  Dodge_kolesa_rl
			Cycles baking texture, type: DIFFUSE, mapped using: UVMap
			Cycles baking texture, type: NORMAL, mapped using: UVMap
		num positions      :  886
		num normals        :  886
		num uvs            :  1772
		num uvs2           :  0
		num colors         :  0
		num indices        :  3222
	processing begun of mesh:  Dodge_kolesa_rr
		processing begun of baked material:  Dodge_kolesa_rr
			Cycles baking texture, type: DIFFUSE, mapped using: UVMap
			Cycles baking texture, type: NORMAL, mapped using: UVMap
		num positions      :  886
		num normals        :  886
		num uvs            :  1772
		num uvs2           :  0
		num colors         :  0
		num indices        :  3222
	processing begun of light (POINT):  Lamp
========= Writing of scene file started =========
========= Writing of scene file completed =========
========= end of processing =========
elapsed time:  17 min, 42.9652 secs
