Exporter version: 5.6.4, Blender version: 2.79 (sub 0)
========= Conversion from Blender to Babylon.js =========
	Scene settings used :
		export scope        :  ALL
		inline textures     :  false
		Positions Precision :  4
		Normals Precision   :  3
		UVs Precision       :  3
		Vert Color Precision:  3
		Mat Weight Precision:  2
		texture directory   :  D:\škola\3bczs\bakalarka\models\mb\
	Python World class constructor completed
	processing begun of mesh:  body_body
		processing begun of Standard material:  body
		processing begun of Standard material:  blur_lip
		processing begun of Standard material:  tire
		processing begun of Standard material:  inner_rim
		processing begun of Standard material:  rim
		processing begun of Standard material:  textured_reflect
		processing begun of Standard material:  taillight2S
		processing begun of Standard material:  slinrorange
		processing begun of Standard material:  reverse_light
		processing begun of Standard material:  slinlorange
		processing begun of Standard material:  interior
		processing begun of Standard material:  plastic2
		processing begun of Standard material:  chrome
		processing begun of Standard material:  oldhead
		processing begun of Standard material:  indicator_right
		processing begun of Standard material:  detail_glass_amb
		processing begun of Standard material:  bottom
		processing begun of Standard material:  indicator_left
		processing begun of Standard material:  detail_glass_cle
		processing begun of Standard material:  glass
		processing begun of Standard material:  matte_colors
		processing begun of Standard material:  numberplate
		processing begun of Standard material:  lights_gls_oldhe
		processing begun of Standard material:  lights_gls_noemi
		registered as also a user of material:  glass
		processing begun of Standard material:  badge
		processing begun of multimaterial:  bus.Multimaterial#0
		num positions      :  12752
		num normals        :  12752
		num uvs            :  25504
		num uvs2           :  0
		num colors         :  0
		num indices        :  43830
		WARNING: # of 0 area faces found:  4
	processing begun of camera (UniversalCamera):  Camera
	processing begun of light (HEMI):  Lamp
========= Writing of scene file started =========
========= Writing of scene file completed =========
========= end of processing =========
elapsed time:  0 min, 1.4287 secs
