Exporter version: 5.6.4, Blender version: 2.79 (sub 0)
========= Conversion from Blender to Babylon.js =========
	Scene settings used :
		export scope        :  ALL
		inline textures     :  false
		Positions Precision :  4
		Normals Precision   :  3
		UVs Precision       :  3
		Vert Color Precision:  3
		Mat Weight Precision:  2
		texture directory   :  D:\škola\3bczs\bakalarka\models\
	Python World class constructor completed
	processing begun of mesh:  Plane
		processing begun of baked material:  Plane
			Cycles baking texture, type: DIFFUSE, mapped using: UVMap
		num positions      :  2178
		num normals        :  2178
		num uvs            :  4356
		num uvs2           :  0
		num colors         :  0
		num indices        :  12288
	processing begun of mesh:  kamion_kolesa_predne.002
		processing begun of baked material:  kamion_kolesa_predne.002
		num positions      :  2333
		num normals        :  2333
		num uvs            :  4666
		num uvs2           :  0
		num colors         :  0
		num indices        :  3816
	processing begun of mesh:  kamion_kolesa_predne.001
		mesh is an instance of :  kamion_kolesa_predne.002.  Processing halted.
	processing begun of mesh:  kamion
		processing begun of baked material:  kamion
		num positions      :  1282
		num normals        :  1282
		num uvs            :  2564
		num uvs2           :  0
		num colors         :  0
		num indices        :  2274
		WARNING: # of 0 area faces found:  14
	processing begun of mesh:  kamion_kolesa_predne
		mesh is an instance of :  kamion_kolesa_predne.002.  Processing halted.
	processing begun of mesh:  kamion_naklad
		processing begun of baked material:  kamion_naklad
		num positions      :  109
		num normals        :  109
		num uvs            :  218
		num uvs2           :  0
		num colors         :  0
		num indices        :  132
		WARNING: # of 0 area faces found:  2
	processing begun of mesh:  kamion_cesta
		processing begun of baked material:  kamion_cesta
		num positions      :  36
		num normals        :  36
		num uvs            :  72
		num uvs2           :  0
		num colors         :  0
		num indices        :  54
	processing begun of camera (UniversalCamera):  Camera
========= Writing of scene file started =========
========= Writing of scene file completed =========
========= end of processing =========
elapsed time:  0 min, 10.885 secs
